2026-03-03 11:42:12.829 | INFO     | app.main:lifespan:32 - 🚀 AI Assistant Platform starting up...
2026-03-03 11:42:13.492 | INFO     | app.main:lifespan:36 - ✅ Database tables initialized
2026-03-03 11:43:39.036 | INFO     | app.api.chat:event_stream:201 - [CHAT] Received message request - knowledge_base_id=694513d2-96ae-4ab1-87ef-3f6d62547e13, stream=True, message=职场区域内及工作时间内不得饮酒罚钱吗？
2026-03-03 11:43:42.266 | INFO     | app.services.rag_service:retrieve:167 - [RAG] result[0] chunk_index=1 filename=职场管理规范.pdf score=0.5921 metadata_keys=['producer', 'creator', 'creationdate', 'author', 'comments', 'company', 'keywords', 'moddate', 'sourcemodified', 'subject', 'title', 'trapped', 'source', 'total_pages', 'page', 'page_label', 'filename', 'knowledge_base_id', 'chunk_index', '_id', '_collection_name']
2026-03-03 11:43:42.266 | INFO     | app.services.rag_service:retrieve:167 - [RAG] result[1] chunk_index=0 filename=职场管理规范.pdf score=0.5598 metadata_keys=['producer', 'creator', 'creationdate', 'author', 'comments', 'company', 'keywords', 'moddate', 'sourcemodified', 'subject', 'title', 'trapped', 'source', 'total_pages', 'page', 'page_label', 'filename', 'knowledge_base_id', 'chunk_index', '_id', '_collection_name']
2026-03-03 11:43:42.266 | INFO     | app.services.rag_service:retrieve:167 - [RAG] result[2] chunk_index=2 filename=职场管理规范.pdf score=0.5303 metadata_keys=['producer', 'creator', 'creationdate', 'author', 'comments', 'company', 'keywords', 'moddate', 'sourcemodified', 'subject', 'title', 'trapped', 'source', 'total_pages', 'page', 'page_label', 'filename', 'knowledge_base_id', 'chunk_index', '_id', '_collection_name']
2026-03-03 11:43:42.266 | INFO     | app.api.chat:event_stream:207 - [CHAT] RAG retrieve returned - context length=1157, source_refs=['chunk 1', 'chunk 0', 'chunk 2']
2026-03-03 11:46:12.356 | INFO     | app.api.chat:event_stream:201 - [CHAT] Received message request - knowledge_base_id=694513d2-96ae-4ab1-87ef-3f6d62547e13, stream=True, message=可以乱扔垃圾吗？
2026-03-03 11:46:14.961 | INFO     | app.api.chat:event_stream:207 - [CHAT] RAG retrieve returned - context length=0, source_refs=[]
2026-03-03 11:48:51.676 | INFO     | app.api.chat:event_stream:201 - [CHAT] Received message request - knowledge_base_id=694513d2-96ae-4ab1-87ef-3f6d62547e13, stream=True, message=员工在办公区内应保持个人桌面整洁，物品柜摆放整齐，椅子及时归位
2026-03-03 11:48:55.237 | INFO     | app.services.rag_service:retrieve:167 - [RAG] result[0] chunk_index=0 filename=职场管理规范.pdf score=0.7101 metadata_keys=['producer', 'creator', 'creationdate', 'author', 'comments', 'company', 'keywords', 'moddate', 'sourcemodified', 'subject', 'title', 'trapped', 'source', 'total_pages', 'page', 'page_label', 'filename', 'knowledge_base_id', 'chunk_index', '_id', '_collection_name']
2026-03-03 11:48:55.237 | INFO     | app.services.rag_service:retrieve:167 - [RAG] result[1] chunk_index=2 filename=职场管理规范.pdf score=0.6277 metadata_keys=['producer', 'creator', 'creationdate', 'author', 'comments', 'company', 'keywords', 'moddate', 'sourcemodified', 'subject', 'title', 'trapped', 'source', 'total_pages', 'page', 'page_label', 'filename', 'knowledge_base_id', 'chunk_index', '_id', '_collection_name']
2026-03-03 11:48:55.237 | INFO     | app.services.rag_service:retrieve:167 - [RAG] result[2] chunk_index=1 filename=职场管理规范.pdf score=0.5839 metadata_keys=['producer', 'creator', 'creationdate', 'author', 'comments', 'company', 'keywords', 'moddate', 'sourcemodified', 'subject', 'title', 'trapped', 'source', 'total_pages', 'page', 'page_label', 'filename', 'knowledge_base_id', 'chunk_index', '_id', '_collection_name']
2026-03-03 11:48:55.237 | INFO     | app.api.chat:event_stream:207 - [CHAT] RAG retrieve returned - context length=1157, source_refs=['chunk 0', 'chunk 2', 'chunk 1']
2026-03-03 13:15:11.000 | INFO     | app.main:lifespan:32 - 🚀 AI Assistant Platform starting up...
2026-03-03 13:15:11.203 | INFO     | app.main:lifespan:36 - ✅ Database tables initialized
2026-03-03 13:16:30.719 | INFO     | app.api.chat:event_stream:201 - [CHAT] Received message request - knowledge_base_id=None, stream=True, message=你是什么模型？
2026-03-03 13:25:57.049 | INFO     | app.main:lifespan:32 - 🚀 AI Assistant Platform starting up...
2026-03-03 13:34:04.716 | INFO     | app.main:lifespan:32 - 🚀 AI Assistant Platform starting up...
2026-03-03 13:34:32.275 | INFO     | app.api.chat:event_stream:201 - [CHAT] Received message request - knowledge_base_id=694513d2-96ae-4ab1-87ef-3f6d62547e13, stream=True, message=职场区域内及工作时间内不得饮酒罚钱吗？
2026-03-03 13:34:36.390 | INFO     | app.services.rag_service:retrieve:167 - [RAG] result[0] chunk_index=1 filename=职场管理规范.pdf score=0.5921 metadata_keys=['producer', 'creator', 'creationdate', 'author', 'comments', 'company', 'keywords', 'moddate', 'sourcemodified', 'subject', 'title', 'trapped', 'source', 'total_pages', 'page', 'page_label', 'filename', 'knowledge_base_id', 'chunk_index', '_id', '_collection_name']
2026-03-03 13:34:36.390 | INFO     | app.services.rag_service:retrieve:167 - [RAG] result[1] chunk_index=0 filename=职场管理规范.pdf score=0.5598 metadata_keys=['producer', 'creator', 'creationdate', 'author', 'comments', 'company', 'keywords', 'moddate', 'sourcemodified', 'subject', 'title', 'trapped', 'source', 'total_pages', 'page', 'page_label', 'filename', 'knowledge_base_id', 'chunk_index', '_id', '_collection_name']
2026-03-03 13:34:36.390 | INFO     | app.services.rag_service:retrieve:167 - [RAG] result[2] chunk_index=2 filename=职场管理规范.pdf score=0.5303 metadata_keys=['producer', 'creator', 'creationdate', 'author', 'comments', 'company', 'keywords', 'moddate', 'sourcemodified', 'subject', 'title', 'trapped', 'source', 'total_pages', 'page', 'page_label', 'filename', 'knowledge_base_id', 'chunk_index', '_id', '_collection_name']
2026-03-03 13:34:36.390 | INFO     | app.api.chat:event_stream:207 - [CHAT] RAG retrieve returned - context length=1157, source_refs=['chunk 1', 'chunk 0', 'chunk 2']
